d:\c++programuju\visual studio c++\adventure game\x64\debug\vc142.pdb
d:\c++programuju\visual studio c++\adventure game\x64\debug\vc142.idb
d:\c++programuju\visual studio c++\adventure game\x64\debug\game1.obj
d:\c++programuju\visual studio c++\game1\x64\debug\game1.exe
d:\c++programuju\visual studio c++\game1\x64\debug\game1.ilk
d:\c++programuju\visual studio c++\game1\x64\debug\game1.pdb
d:\c++programuju\visual studio c++\adventure game\x64\debug\game1.exe
d:\c++programuju\visual studio c++\adventure game\x64\debug\game1.ilk
d:\c++programuju\visual studio c++\adventure game\x64\debug\game1.pdb
d:\c++programuju\visual studio c++\adventure game\x64\debug\game1.res
d:\c++programuju\visual studio c++\adventure game\x64\debug\game1.tlog\cl.command.1.tlog
d:\c++programuju\visual studio c++\adventure game\x64\debug\game1.tlog\cl.read.1.tlog
d:\c++programuju\visual studio c++\adventure game\x64\debug\game1.tlog\cl.write.1.tlog
d:\c++programuju\visual studio c++\adventure game\x64\debug\game1.tlog\link.command.1.tlog
d:\c++programuju\visual studio c++\adventure game\x64\debug\game1.tlog\link.delete.1.tlog
d:\c++programuju\visual studio c++\adventure game\x64\debug\game1.tlog\link.read.1.tlog
d:\c++programuju\visual studio c++\adventure game\x64\debug\game1.tlog\link.write.1.tlog
d:\c++programuju\visual studio c++\adventure game\x64\debug\game1.tlog\rc.command.1.tlog
d:\c++programuju\visual studio c++\adventure game\x64\debug\game1.tlog\rc.read.1.tlog
d:\c++programuju\visual studio c++\adventure game\x64\debug\game1.tlog\rc.write.1.tlog
